Arguments: 
  D:\nodejs\node.exe C:\Program Files (x86)\Yarn\bin\yarn.js build:es

PATH: 
  C:\Python27\Scripts;C:\Python27\;C:\Python38-32\Scripts\;C:\Python38-32\;C:\Program Files (x86)\Common Files\Oracle\Java\javapath;C:\ProgramData\Oracle\Java\javapath;C:\WINDOWS\system32;C:\WINDOWS;C:\WINDOWS\System32\Wbem;C:\WINDOWS\System32\WindowsPowerShell\v1.0\;C:\Program Files (x86)\NVIDIA Corporation\PhysX\Common;G:\Apache\bin;G:\xampp\mysql\bin;C:\Program Files\MySQL\MySQL Server 5.5\bin;D:\xampp\mysql\bin;G:\eclipse\adt-bundle-windows-x86_64-20131030\sdk;C:\Program Files\Java\jdk1.8.0_45\bin;G:\Phonegap\apache-ant-1.10.1-bin\apache-ant-1.10.1\bin;C:\Program Files (x86)\Yarn\bin\;E:\Importer Imformation\php高级\php-7.2.3-nts-Win32-VC15-x64;F:\Github\Laravel-blog\vendor\bin;C:\WINDOWS\System32\OpenSSH\;D:\Program Files\MongoDB\Server\4.0\bin;C:\Program Files\Git\cmd;C:\Program Files\NVIDIA Corporation\NVIDIA NvDLISR;D:\nvm;D:\nodejs;D:\npm\node_global;F:\Android\sdk;F:\Android\sdk\platform-tools;F:\Android\sdk\emulator;F:\Android\sdk\tools;F:\Android\sdk\tools\bin;C:\WINDOWS\system32;C:\WINDOWS;C:\WINDOWS\System32\Wbem;C:\WINDOWS\System32\WindowsPowerShell\v1.0\;C:\WINDOWS\System32\OpenSSH\;C:\Ruby23-x64\bin;C:\Users\Administrator\AppData\Local\Programs\EmEditor;F:\Android\sdk;D:\Program Files\Microsoft VS Code\bin;C:\Users\Administrator\AppData\Local\Yarn\bin;C:\Users\Administrator\AppData\Roaming\Composer\vendor\bin;C:\Users\Administrator\AppData\Local\Microsoft\WindowsApps;D:\Program Files (x86)\Microsoft VS Code\bin;D:\nvm;D:\nodejs;

Yarn version: 
  1.5.1

Node version: 
  12.13.0

Platform: 
  win32 x64

npm manifest: 
  {
    "name": "@liejy/vue-loadingbar",
    "author": "JyLie <809206619@qq.com>",
    "version": "0.1.0",
    "homepage": "https://github.com/liejiayong/vue-loadingbar",
    "main": "vue-loadingbar.umd.js",
    "module": "vue-loadingbar.esm.js",
    "unpkg": "vue-loadingbar.min.js",
    "repository": {
      "type": "git",
      "url": "git+https://github.com/liejiayong/vue-loadingbar.git"
    },
    "scripts": {
      "build:umd": "rollup --config rollup.config.js --format umd --file dist/vue-loadingbar.umd.js",
      "build:es": "rollup --config rollup.config.js --format es --file dist/vue-loadingbar.esm.js",
      "build:unpkg": "rollup --config rollup.config.js --format iife --file dist/vue-loadingbar.min.js"
    },
    "dependencies": {},
    "devDependencies": {
      "svg-sprite-loader": "^5.0.0",
      "@vue/test-utils": "^1.0.0-beta.25",
      "babel-core": "^6.26.0",
      "babel-loader": "^7.1.2",
      "babel-preset-env": "^1.6.0",
      "babel-preset-stage-3": "^6.24.1",
      "cross-env": "^5.1.6",
      "css-loader": "^0.28.7",
      "file-loader": "^1.1.4",
      "html-webpack-plugin": "^3.2.0",
      "jest": "^23.6.0",
      "jest-serializer-vue": "^2.0.2",
      "minimist": "^1.2.0",
      "node-sass": "^4.5.3",
      "rollup": "^0.57.1",
      "rollup-plugin-buble": "^0.19.2",
      "rollup-plugin-commonjs": "^9.2.0",
      "rollup-plugin-css-only": "^0.4.0",
      "rollup-plugin-node-resolve": "^4.0.0",
      "rollup-plugin-terser": "^4.0.3",
      "rollup-plugin-vue": "^4.3.0",
      "sass-loader": "^7.0.1",
      "uglifyjs-webpack-plugin": "^1.3.0",
      "vue": "^2.5.16",
      "vue-jest": "^2.6.0",
      "vue-loader": "^13.0.5",
      "vue-template-compiler": "^2.5.16",
      "webpack": "^3.6.0",
      "webpack-dev-server": "^2.9.1"
    },
    "browserslist": [
      "> 1%",
      "last 2 versions"
    ],
    "description": "loadingbar for vue.js",
    "keywords": [],
    "license": "MIT"
  }

yarn manifest: 
  No manifest

Lockfile: 
  No lockfile

Trace: 
  Error: Command failed.
  Exit code: 1
  Command: C:\WINDOWS\system32\cmd.exe
  Arguments: /d /s /c rollup --config rollup.config.js --format es --file dist/vue-loadingbar.esm.js
  Directory: F:\Github\tool-library\plugin\vue-loadingbar
  Output:
  
      at ProcessTermError.MessageError (C:\Program Files (x86)\Yarn\lib\cli.js:186:110)
      at new ProcessTermError (C:\Program Files (x86)\Yarn\lib\cli.js:226:113)
      at ChildProcess.<anonymous> (C:\Program Files (x86)\Yarn\lib\cli.js:30281:17)
      at ChildProcess.emit (events.js:210:5)
      at maybeClose (internal/child_process.js:1021:16)
      at Process.ChildProcess._handle.onexit (internal/child_process.js:283:5)
